{"timestamp":"2026-06-24T05:25:58.144979Z","level":"info","event":"DAG bundles loaded: dags-folder","logger":"airflow.dag_processing.bundles.manager.DagBundlesManager","filename":"manager.py","lineno":209}
{"timestamp":"2026-06-24T05:25:58.146531Z","level":"info","event":"Filling up the DagBag from /opt/airflow/dags/ingest_wallet_improved.py","logger":"airflow.dag_processing.dagbag.BundleDagBag","filename":"dagbag.py","lineno":469}
{"timestamp":"2026-06-24T05:25:58.800184Z","level":"warning","event":"The SLA feature is removed in Airflow 3.0, replaced with Deadline Alerts in >=3.1","category":"UserWarning","filename":"/home/airflow/.local/lib/python3.13/site-packages/airflow/sdk/bases/sensor.py","lineno":128,"logger":"py.warnings"}
{"timestamp":"2026-06-24T05:25:58.800450Z","level":"warning","event":"The SLA feature is removed in Airflow 3.0, replaced with Deadline Alerts in >=3.1","category":"UserWarning","filename":"/home/airflow/.local/lib/python3.13/site-packages/airflow/providers/standard/operators/python.py","lineno":190,"logger":"py.warnings"}
{"timestamp":"2026-06-24T05:25:58.800609Z","level":"warning","event":"The SLA feature is removed in Airflow 3.0, replaced with Deadline Alerts in >=3.1","category":"UserWarning","filename":"/home/airflow/.local/lib/python3.13/site-packages/airflow/providers/amazon/aws/transfers/sql_to_s3.py","lineno":130,"logger":"py.warnings"}
{"timestamp":"2026-06-24T05:25:58.934611Z","level":"info","event":"Poking: SELECT COUNT(*) FROM public.ledger WHERE updated_at >= DATE_TRUNC('day', CURRENT_TIMESTAMP - INTERVAL '48 hours') (with parameters None)","logger":"airflow.task.operators.airflow.providers.common.sql.sensors.sql.SqlSensor","filename":"sql.py","lineno":100}
{"timestamp":"2026-06-24T05:26:01.017224Z","level":"info","event":"Running statement: SELECT COUNT(*) FROM public.ledger WHERE updated_at >= DATE_TRUNC('day', CURRENT_TIMESTAMP - INTERVAL '48 hours'), parameters: None","logger":"airflow.task.hooks.airflow.providers.postgres.hooks.postgres.PostgresHook","filename":"sql.py","lineno":861}
{"timestamp":"2026-06-24T05:26:06.522377Z","level":"info","event":"Rows affected: 1","logger":"airflow.task.hooks.airflow.providers.postgres.hooks.postgres.PostgresHook","filename":"sql.py","lineno":879}
{"timestamp":"2026-06-24T05:26:06.760311Z","level":"info","event":"Rescheduling task, marking task as UP_FOR_RESCHEDULE","logger":"task","filename":"task_runner.py","lineno":1306}
{"timestamp":"2026-06-24T05:26:37.949879Z","level":"info","event":"DAG bundles loaded: dags-folder","logger":"airflow.dag_processing.bundles.manager.DagBundlesManager","filename":"manager.py","lineno":209}
{"timestamp":"2026-06-24T05:26:37.951926Z","level":"info","event":"Filling up the DagBag from /opt/airflow/dags/ingest_wallet_improved.py","logger":"airflow.dag_processing.dagbag.BundleDagBag","filename":"dagbag.py","lineno":469}
{"timestamp":"2026-06-24T05:26:38.648472Z","level":"info","event":"Poking: SELECT COUNT(*) FROM public.ledger WHERE updated_at >= DATE_TRUNC('day', CURRENT_TIMESTAMP - INTERVAL '48 hours') (with parameters None)","logger":"airflow.task.operators.airflow.providers.common.sql.sensors.sql.SqlSensor","filename":"sql.py","lineno":100}
{"timestamp":"2026-06-24T05:26:40.063219Z","level":"info","event":"Running statement: SELECT COUNT(*) FROM public.ledger WHERE updated_at >= DATE_TRUNC('day', CURRENT_TIMESTAMP - INTERVAL '48 hours'), parameters: None","logger":"airflow.task.hooks.airflow.providers.postgres.hooks.postgres.PostgresHook","filename":"sql.py","lineno":861}
{"timestamp":"2026-06-24T05:26:45.146259Z","level":"info","event":"Rows affected: 1","logger":"airflow.task.hooks.airflow.providers.postgres.hooks.postgres.PostgresHook","filename":"sql.py","lineno":879}
{"timestamp":"2026-06-24T05:26:45.391871Z","level":"info","event":"Rescheduling task, marking task as UP_FOR_RESCHEDULE","logger":"task","filename":"task_runner.py","lineno":1306}
{"timestamp":"2026-06-24T05:27:15.947233Z","level":"info","event":"DAG bundles loaded: dags-folder","logger":"airflow.dag_processing.bundles.manager.DagBundlesManager","filename":"manager.py","lineno":209}
{"timestamp":"2026-06-24T05:27:15.948549Z","level":"info","event":"Filling up the DagBag from /opt/airflow/dags/ingest_wallet_improved.py","logger":"airflow.dag_processing.dagbag.BundleDagBag","filename":"dagbag.py","lineno":469}
{"timestamp":"2026-06-24T05:27:16.522274Z","level":"info","event":"Poking: SELECT COUNT(*) FROM public.ledger WHERE updated_at >= DATE_TRUNC('day', CURRENT_TIMESTAMP - INTERVAL '48 hours') (with parameters None)","logger":"airflow.task.operators.airflow.providers.common.sql.sensors.sql.SqlSensor","filename":"sql.py","lineno":100}
{"timestamp":"2026-06-24T05:27:18.276270Z","level":"info","event":"Running statement: SELECT COUNT(*) FROM public.ledger WHERE updated_at >= DATE_TRUNC('day', CURRENT_TIMESTAMP - INTERVAL '48 hours'), parameters: None","logger":"airflow.task.hooks.airflow.providers.postgres.hooks.postgres.PostgresHook","filename":"sql.py","lineno":861}
{"timestamp":"2026-06-24T05:27:23.601053Z","level":"info","event":"Rows affected: 1","logger":"airflow.task.hooks.airflow.providers.postgres.hooks.postgres.PostgresHook","filename":"sql.py","lineno":879}
{"timestamp":"2026-06-24T05:27:23.807432Z","level":"info","event":"Rescheduling task, marking task as UP_FOR_RESCHEDULE","logger":"task","filename":"task_runner.py","lineno":1306}
{"timestamp":"2026-06-24T05:27:54.483617Z","level":"info","event":"DAG bundles loaded: dags-folder","logger":"airflow.dag_processing.bundles.manager.DagBundlesManager","filename":"manager.py","lineno":209}
{"timestamp":"2026-06-24T05:27:54.484855Z","level":"info","event":"Filling up the DagBag from /opt/airflow/dags/ingest_wallet_improved.py","logger":"airflow.dag_processing.dagbag.BundleDagBag","filename":"dagbag.py","lineno":469}
{"timestamp":"2026-06-24T05:27:55.098776Z","level":"info","event":"Poking: SELECT COUNT(*) FROM public.ledger WHERE updated_at >= DATE_TRUNC('day', CURRENT_TIMESTAMP - INTERVAL '48 hours') (with parameters None)","logger":"airflow.task.operators.airflow.providers.common.sql.sensors.sql.SqlSensor","filename":"sql.py","lineno":100}
{"timestamp":"2026-06-24T05:27:56.993519Z","level":"info","event":"Running statement: SELECT COUNT(*) FROM public.ledger WHERE updated_at >= DATE_TRUNC('day', CURRENT_TIMESTAMP - INTERVAL '48 hours'), parameters: None","logger":"airflow.task.hooks.airflow.providers.postgres.hooks.postgres.PostgresHook","filename":"sql.py","lineno":861}
{"timestamp":"2026-06-24T05:28:02.452658Z","level":"info","event":"Rows affected: 1","logger":"airflow.task.hooks.airflow.providers.postgres.hooks.postgres.PostgresHook","filename":"sql.py","lineno":879}
{"timestamp":"2026-06-24T05:28:02.729001Z","level":"info","event":"Rescheduling task, marking task as UP_FOR_RESCHEDULE","logger":"task","filename":"task_runner.py","lineno":1306}
{"timestamp":"2026-06-24T05:28:33.654373Z","level":"info","event":"DAG bundles loaded: dags-folder","logger":"airflow.dag_processing.bundles.manager.DagBundlesManager","filename":"manager.py","lineno":209}
{"timestamp":"2026-06-24T05:28:33.656042Z","level":"info","event":"Filling up the DagBag from /opt/airflow/dags/ingest_wallet_improved.py","logger":"airflow.dag_processing.dagbag.BundleDagBag","filename":"dagbag.py","lineno":469}
{"timestamp":"2026-06-24T05:28:34.237612Z","level":"info","event":"Poking: SELECT COUNT(*) FROM public.ledger WHERE updated_at >= DATE_TRUNC('day', CURRENT_TIMESTAMP - INTERVAL '48 hours') (with parameters None)","logger":"airflow.task.operators.airflow.providers.common.sql.sensors.sql.SqlSensor","filename":"sql.py","lineno":100}
{"timestamp":"2026-06-24T05:28:35.808722Z","level":"info","event":"Running statement: SELECT COUNT(*) FROM public.ledger WHERE updated_at >= DATE_TRUNC('day', CURRENT_TIMESTAMP - INTERVAL '48 hours'), parameters: None","logger":"airflow.task.hooks.airflow.providers.postgres.hooks.postgres.PostgresHook","filename":"sql.py","lineno":861}
{"timestamp":"2026-06-24T05:28:40.528536Z","level":"info","event":"Rows affected: 1","logger":"airflow.task.hooks.airflow.providers.postgres.hooks.postgres.PostgresHook","filename":"sql.py","lineno":879}
{"timestamp":"2026-06-24T05:28:40.827308Z","level":"info","event":"Rescheduling task, marking task as UP_FOR_RESCHEDULE","logger":"task","filename":"task_runner.py","lineno":1306}
{"timestamp":"2026-06-24T05:29:11.957273Z","level":"info","event":"DAG bundles loaded: dags-folder","logger":"airflow.dag_processing.bundles.manager.DagBundlesManager","filename":"manager.py","lineno":209}
{"timestamp":"2026-06-24T05:29:11.958406Z","level":"info","event":"Filling up the DagBag from /opt/airflow/dags/ingest_wallet_improved.py","logger":"airflow.dag_processing.dagbag.BundleDagBag","filename":"dagbag.py","lineno":469}
{"timestamp":"2026-06-24T05:29:12.541347Z","level":"info","event":"Poking: SELECT COUNT(*) FROM public.ledger WHERE updated_at >= DATE_TRUNC('day', CURRENT_TIMESTAMP - INTERVAL '48 hours') (with parameters None)","logger":"airflow.task.operators.airflow.providers.common.sql.sensors.sql.SqlSensor","filename":"sql.py","lineno":100}
{"timestamp":"2026-06-24T05:29:14.212432Z","level":"info","event":"Running statement: SELECT COUNT(*) FROM public.ledger WHERE updated_at >= DATE_TRUNC('day', CURRENT_TIMESTAMP - INTERVAL '48 hours'), parameters: None","logger":"airflow.task.hooks.airflow.providers.postgres.hooks.postgres.PostgresHook","filename":"sql.py","lineno":861}
{"timestamp":"2026-06-24T05:29:18.934199Z","level":"info","event":"Rows affected: 1","logger":"airflow.task.hooks.airflow.providers.postgres.hooks.postgres.PostgresHook","filename":"sql.py","lineno":879}
{"timestamp":"2026-06-24T05:29:19.225109Z","level":"info","event":"Rescheduling task, marking task as UP_FOR_RESCHEDULE","logger":"task","filename":"task_runner.py","lineno":1306}
{"timestamp":"2026-06-24T05:29:49.954893Z","level":"info","event":"DAG bundles loaded: dags-folder","logger":"airflow.dag_processing.bundles.manager.DagBundlesManager","filename":"manager.py","lineno":209}
{"timestamp":"2026-06-24T05:29:49.956119Z","level":"info","event":"Filling up the DagBag from /opt/airflow/dags/ingest_wallet_improved.py","logger":"airflow.dag_processing.dagbag.BundleDagBag","filename":"dagbag.py","lineno":469}
{"timestamp":"2026-06-24T05:29:50.546737Z","level":"info","event":"Poking: SELECT COUNT(*) FROM public.ledger WHERE updated_at >= DATE_TRUNC('day', CURRENT_TIMESTAMP - INTERVAL '48 hours') (with parameters None)","logger":"airflow.task.operators.airflow.providers.common.sql.sensors.sql.SqlSensor","filename":"sql.py","lineno":100}
{"timestamp":"2026-06-24T05:29:52.408983Z","level":"info","event":"Running statement: SELECT COUNT(*) FROM public.ledger WHERE updated_at >= DATE_TRUNC('day', CURRENT_TIMESTAMP - INTERVAL '48 hours'), parameters: None","logger":"airflow.task.hooks.airflow.providers.postgres.hooks.postgres.PostgresHook","filename":"sql.py","lineno":861}
{"timestamp":"2026-06-24T05:29:57.744663Z","level":"info","event":"Rows affected: 1","logger":"airflow.task.hooks.airflow.providers.postgres.hooks.postgres.PostgresHook","filename":"sql.py","lineno":879}
{"timestamp":"2026-06-24T05:29:58.146356Z","level":"info","event":"Rescheduling task, marking task as UP_FOR_RESCHEDULE","logger":"task","filename":"task_runner.py","lineno":1306}
{"timestamp":"2026-06-24T05:30:29.191725Z","level":"info","event":"DAG bundles loaded: dags-folder","logger":"airflow.dag_processing.bundles.manager.DagBundlesManager","filename":"manager.py","lineno":209}
{"timestamp":"2026-06-24T05:30:29.192872Z","level":"info","event":"Filling up the DagBag from /opt/airflow/dags/ingest_wallet_improved.py","logger":"airflow.dag_processing.dagbag.BundleDagBag","filename":"dagbag.py","lineno":469}
{"timestamp":"2026-06-24T05:30:29.738673Z","level":"info","event":"Poking: SELECT COUNT(*) FROM public.ledger WHERE updated_at >= DATE_TRUNC('day', CURRENT_TIMESTAMP - INTERVAL '48 hours') (with parameters None)","logger":"airflow.task.operators.airflow.providers.common.sql.sensors.sql.SqlSensor","filename":"sql.py","lineno":100}
{"timestamp":"2026-06-24T05:30:31.424285Z","level":"info","event":"Running statement: SELECT COUNT(*) FROM public.ledger WHERE updated_at >= DATE_TRUNC('day', CURRENT_TIMESTAMP - INTERVAL '48 hours'), parameters: None","logger":"airflow.task.hooks.airflow.providers.postgres.hooks.postgres.PostgresHook","filename":"sql.py","lineno":861}
{"timestamp":"2026-06-24T05:30:36.863590Z","level":"info","event":"Rows affected: 1","logger":"airflow.task.hooks.airflow.providers.postgres.hooks.postgres.PostgresHook","filename":"sql.py","lineno":879}
{"timestamp":"2026-06-24T05:30:37.160001Z","level":"info","event":"Rescheduling task, marking task as UP_FOR_RESCHEDULE","logger":"task","filename":"task_runner.py","lineno":1306}
