{"timestamp":"2026-06-26T06:15:36.349626Z","level":"info","event":"DAG bundles loaded: dags-folder","logger":"airflow.dag_processing.bundles.manager.DagBundlesManager","filename":"manager.py","lineno":209}
{"timestamp":"2026-06-26T06:15:36.351069Z","level":"info","event":"Filling up the DagBag from /opt/airflow/dags/ingest_wallet_improved.py","logger":"airflow.dag_processing.dagbag.BundleDagBag","filename":"dagbag.py","lineno":469}
{"timestamp":"2026-06-26T06:15:37.025484Z","level":"info","event":"Poking: SELECT COUNT(*) FROM public.users WHERE updated_at >= DATE_TRUNC('day', CURRENT_TIMESTAMP - INTERVAL '48 hours') (with parameters None)","logger":"airflow.task.operators.airflow.providers.common.sql.sensors.sql.SqlSensor","filename":"sql.py","lineno":100}
{"timestamp":"2026-06-26T06:15:39.167735Z","level":"info","event":"Running statement: SELECT COUNT(*) FROM public.users WHERE updated_at >= DATE_TRUNC('day', CURRENT_TIMESTAMP - INTERVAL '48 hours'), parameters: None","logger":"airflow.task.hooks.airflow.providers.postgres.hooks.postgres.PostgresHook","filename":"sql.py","lineno":861}
{"timestamp":"2026-06-26T06:15:44.845818Z","level":"info","event":"Rows affected: 1","logger":"airflow.task.hooks.airflow.providers.postgres.hooks.postgres.PostgresHook","filename":"sql.py","lineno":879}
{"timestamp":"2026-06-26T06:15:45.106934Z","level":"info","event":"Rescheduling task, marking task as UP_FOR_RESCHEDULE","logger":"task","filename":"task_runner.py","lineno":1306}
{"timestamp":"2026-06-26T06:16:15.365652Z","level":"info","event":"DAG bundles loaded: dags-folder","logger":"airflow.dag_processing.bundles.manager.DagBundlesManager","filename":"manager.py","lineno":209}
{"timestamp":"2026-06-26T06:16:15.366878Z","level":"info","event":"Filling up the DagBag from /opt/airflow/dags/ingest_wallet_improved.py","logger":"airflow.dag_processing.dagbag.BundleDagBag","filename":"dagbag.py","lineno":469}
{"timestamp":"2026-06-26T06:16:15.861307Z","level":"info","event":"Poking: SELECT COUNT(*) FROM public.users WHERE updated_at >= DATE_TRUNC('day', CURRENT_TIMESTAMP - INTERVAL '48 hours') (with parameters None)","logger":"airflow.task.operators.airflow.providers.common.sql.sensors.sql.SqlSensor","filename":"sql.py","lineno":100}
{"timestamp":"2026-06-26T06:16:17.477481Z","level":"info","event":"Running statement: SELECT COUNT(*) FROM public.users WHERE updated_at >= DATE_TRUNC('day', CURRENT_TIMESTAMP - INTERVAL '48 hours'), parameters: None","logger":"airflow.task.hooks.airflow.providers.postgres.hooks.postgres.PostgresHook","filename":"sql.py","lineno":861}
{"timestamp":"2026-06-26T06:16:21.661125Z","level":"info","event":"Rows affected: 1","logger":"airflow.task.hooks.airflow.providers.postgres.hooks.postgres.PostgresHook","filename":"sql.py","lineno":879}
{"timestamp":"2026-06-26T06:16:21.883147Z","level":"info","event":"Rescheduling task, marking task as UP_FOR_RESCHEDULE","logger":"task","filename":"task_runner.py","lineno":1306}
{"timestamp":"2026-06-26T06:16:52.102425Z","level":"info","event":"DAG bundles loaded: dags-folder","logger":"airflow.dag_processing.bundles.manager.DagBundlesManager","filename":"manager.py","lineno":209}
{"timestamp":"2026-06-26T06:16:52.103550Z","level":"info","event":"Filling up the DagBag from /opt/airflow/dags/ingest_wallet_improved.py","logger":"airflow.dag_processing.dagbag.BundleDagBag","filename":"dagbag.py","lineno":469}
{"timestamp":"2026-06-26T06:16:52.568477Z","level":"info","event":"Poking: SELECT COUNT(*) FROM public.users WHERE updated_at >= DATE_TRUNC('day', CURRENT_TIMESTAMP - INTERVAL '48 hours') (with parameters None)","logger":"airflow.task.operators.airflow.providers.common.sql.sensors.sql.SqlSensor","filename":"sql.py","lineno":100}
{"timestamp":"2026-06-26T06:16:55.299927Z","level":"info","event":"Running statement: SELECT COUNT(*) FROM public.users WHERE updated_at >= DATE_TRUNC('day', CURRENT_TIMESTAMP - INTERVAL '48 hours'), parameters: None","logger":"airflow.task.hooks.airflow.providers.postgres.hooks.postgres.PostgresHook","filename":"sql.py","lineno":861}
{"timestamp":"2026-06-26T06:16:59.815418Z","level":"info","event":"Rows affected: 1","logger":"airflow.task.hooks.airflow.providers.postgres.hooks.postgres.PostgresHook","filename":"sql.py","lineno":879}
{"timestamp":"2026-06-26T06:17:00.186387Z","level":"info","event":"Rescheduling task, marking task as UP_FOR_RESCHEDULE","logger":"task","filename":"task_runner.py","lineno":1306}
{"timestamp":"2026-06-26T06:17:31.322600Z","level":"info","event":"DAG bundles loaded: dags-folder","logger":"airflow.dag_processing.bundles.manager.DagBundlesManager","filename":"manager.py","lineno":209}
{"timestamp":"2026-06-26T06:17:31.323850Z","level":"info","event":"Filling up the DagBag from /opt/airflow/dags/ingest_wallet_improved.py","logger":"airflow.dag_processing.dagbag.BundleDagBag","filename":"dagbag.py","lineno":469}
{"timestamp":"2026-06-26T06:17:31.791116Z","level":"info","event":"Poking: SELECT COUNT(*) FROM public.users WHERE updated_at >= DATE_TRUNC('day', CURRENT_TIMESTAMP - INTERVAL '48 hours') (with parameters None)","logger":"airflow.task.operators.airflow.providers.common.sql.sensors.sql.SqlSensor","filename":"sql.py","lineno":100}
{"timestamp":"2026-06-26T06:17:34.007395Z","level":"info","event":"Running statement: SELECT COUNT(*) FROM public.users WHERE updated_at >= DATE_TRUNC('day', CURRENT_TIMESTAMP - INTERVAL '48 hours'), parameters: None","logger":"airflow.task.hooks.airflow.providers.postgres.hooks.postgres.PostgresHook","filename":"sql.py","lineno":861}
{"timestamp":"2026-06-26T06:17:38.418232Z","level":"info","event":"Rows affected: 1","logger":"airflow.task.hooks.airflow.providers.postgres.hooks.postgres.PostgresHook","filename":"sql.py","lineno":879}
{"timestamp":"2026-06-26T06:17:38.822664Z","level":"info","event":"Rescheduling task, marking task as UP_FOR_RESCHEDULE","logger":"task","filename":"task_runner.py","lineno":1306}
{"timestamp":"2026-06-26T06:18:09.417061Z","level":"info","event":"DAG bundles loaded: dags-folder","logger":"airflow.dag_processing.bundles.manager.DagBundlesManager","filename":"manager.py","lineno":209}
{"timestamp":"2026-06-26T06:18:09.418219Z","level":"info","event":"Filling up the DagBag from /opt/airflow/dags/ingest_wallet_improved.py","logger":"airflow.dag_processing.dagbag.BundleDagBag","filename":"dagbag.py","lineno":469}
{"timestamp":"2026-06-26T06:18:09.892622Z","level":"info","event":"Poking: SELECT COUNT(*) FROM public.users WHERE updated_at >= DATE_TRUNC('day', CURRENT_TIMESTAMP - INTERVAL '48 hours') (with parameters None)","logger":"airflow.task.operators.airflow.providers.common.sql.sensors.sql.SqlSensor","filename":"sql.py","lineno":100}
{"timestamp":"2026-06-26T06:18:12.407561Z","level":"info","event":"Running statement: SELECT COUNT(*) FROM public.users WHERE updated_at >= DATE_TRUNC('day', CURRENT_TIMESTAMP - INTERVAL '48 hours'), parameters: None","logger":"airflow.task.hooks.airflow.providers.postgres.hooks.postgres.PostgresHook","filename":"sql.py","lineno":861}
{"timestamp":"2026-06-26T06:18:16.748223Z","level":"info","event":"Rows affected: 1","logger":"airflow.task.hooks.airflow.providers.postgres.hooks.postgres.PostgresHook","filename":"sql.py","lineno":879}
{"timestamp":"2026-06-26T06:18:17.016233Z","level":"info","event":"Rescheduling task, marking task as UP_FOR_RESCHEDULE","logger":"task","filename":"task_runner.py","lineno":1306}
{"timestamp":"2026-06-26T06:18:47.575502Z","level":"info","event":"DAG bundles loaded: dags-folder","logger":"airflow.dag_processing.bundles.manager.DagBundlesManager","filename":"manager.py","lineno":209}
{"timestamp":"2026-06-26T06:18:47.576659Z","level":"info","event":"Filling up the DagBag from /opt/airflow/dags/ingest_wallet_improved.py","logger":"airflow.dag_processing.dagbag.BundleDagBag","filename":"dagbag.py","lineno":469}
{"timestamp":"2026-06-26T06:18:48.017810Z","level":"info","event":"Poking: SELECT COUNT(*) FROM public.users WHERE updated_at >= DATE_TRUNC('day', CURRENT_TIMESTAMP - INTERVAL '48 hours') (with parameters None)","logger":"airflow.task.operators.airflow.providers.common.sql.sensors.sql.SqlSensor","filename":"sql.py","lineno":100}
{"timestamp":"2026-06-26T06:18:50.399449Z","level":"info","event":"Running statement: SELECT COUNT(*) FROM public.users WHERE updated_at >= DATE_TRUNC('day', CURRENT_TIMESTAMP - INTERVAL '48 hours'), parameters: None","logger":"airflow.task.hooks.airflow.providers.postgres.hooks.postgres.PostgresHook","filename":"sql.py","lineno":861}
{"timestamp":"2026-06-26T06:18:55.180538Z","level":"info","event":"Rows affected: 1","logger":"airflow.task.hooks.airflow.providers.postgres.hooks.postgres.PostgresHook","filename":"sql.py","lineno":879}
{"timestamp":"2026-06-26T06:18:55.416369Z","level":"info","event":"Rescheduling task, marking task as UP_FOR_RESCHEDULE","logger":"task","filename":"task_runner.py","lineno":1306}
{"timestamp":"2026-06-26T06:19:26.170845Z","level":"info","event":"DAG bundles loaded: dags-folder","logger":"airflow.dag_processing.bundles.manager.DagBundlesManager","filename":"manager.py","lineno":209}
{"timestamp":"2026-06-26T06:19:26.171921Z","level":"info","event":"Filling up the DagBag from /opt/airflow/dags/ingest_wallet_improved.py","logger":"airflow.dag_processing.dagbag.BundleDagBag","filename":"dagbag.py","lineno":469}
{"timestamp":"2026-06-26T06:19:26.707519Z","level":"info","event":"Poking: SELECT COUNT(*) FROM public.users WHERE updated_at >= DATE_TRUNC('day', CURRENT_TIMESTAMP - INTERVAL '48 hours') (with parameters None)","logger":"airflow.task.operators.airflow.providers.common.sql.sensors.sql.SqlSensor","filename":"sql.py","lineno":100}
{"timestamp":"2026-06-26T06:19:29.102694Z","level":"info","event":"Running statement: SELECT COUNT(*) FROM public.users WHERE updated_at >= DATE_TRUNC('day', CURRENT_TIMESTAMP - INTERVAL '48 hours'), parameters: None","logger":"airflow.task.hooks.airflow.providers.postgres.hooks.postgres.PostgresHook","filename":"sql.py","lineno":861}
{"timestamp":"2026-06-26T06:19:33.306028Z","level":"info","event":"Rows affected: 1","logger":"airflow.task.hooks.airflow.providers.postgres.hooks.postgres.PostgresHook","filename":"sql.py","lineno":879}
{"timestamp":"2026-06-26T06:19:33.607911Z","level":"info","event":"Rescheduling task, marking task as UP_FOR_RESCHEDULE","logger":"task","filename":"task_runner.py","lineno":1306}
{"timestamp":"2026-06-26T06:20:04.655271Z","level":"info","event":"DAG bundles loaded: dags-folder","logger":"airflow.dag_processing.bundles.manager.DagBundlesManager","filename":"manager.py","lineno":209}
{"timestamp":"2026-06-26T06:20:04.656452Z","level":"info","event":"Filling up the DagBag from /opt/airflow/dags/ingest_wallet_improved.py","logger":"airflow.dag_processing.dagbag.BundleDagBag","filename":"dagbag.py","lineno":469}
{"timestamp":"2026-06-26T06:20:05.117590Z","level":"info","event":"Poking: SELECT COUNT(*) FROM public.users WHERE updated_at >= DATE_TRUNC('day', CURRENT_TIMESTAMP - INTERVAL '48 hours') (with parameters None)","logger":"airflow.task.operators.airflow.providers.common.sql.sensors.sql.SqlSensor","filename":"sql.py","lineno":100}
{"timestamp":"2026-06-26T06:20:07.392297Z","level":"info","event":"Running statement: SELECT COUNT(*) FROM public.users WHERE updated_at >= DATE_TRUNC('day', CURRENT_TIMESTAMP - INTERVAL '48 hours'), parameters: None","logger":"airflow.task.hooks.airflow.providers.postgres.hooks.postgres.PostgresHook","filename":"sql.py","lineno":861}
{"timestamp":"2026-06-26T06:20:12.372786Z","level":"info","event":"Rows affected: 1","logger":"airflow.task.hooks.airflow.providers.postgres.hooks.postgres.PostgresHook","filename":"sql.py","lineno":879}
{"timestamp":"2026-06-26T06:20:12.786915Z","level":"info","event":"Rescheduling task, marking task as UP_FOR_RESCHEDULE","logger":"task","filename":"task_runner.py","lineno":1306}
{"timestamp":"2026-06-26T06:20:43.749250Z","level":"info","event":"DAG bundles loaded: dags-folder","logger":"airflow.dag_processing.bundles.manager.DagBundlesManager","filename":"manager.py","lineno":209}
{"timestamp":"2026-06-26T06:20:43.750593Z","level":"info","event":"Filling up the DagBag from /opt/airflow/dags/ingest_wallet_improved.py","logger":"airflow.dag_processing.dagbag.BundleDagBag","filename":"dagbag.py","lineno":469}
{"timestamp":"2026-06-26T06:20:44.315070Z","level":"info","event":"Poking: SELECT COUNT(*) FROM public.users WHERE updated_at >= DATE_TRUNC('day', CURRENT_TIMESTAMP - INTERVAL '48 hours') (with parameters None)","logger":"airflow.task.operators.airflow.providers.common.sql.sensors.sql.SqlSensor","filename":"sql.py","lineno":100}
{"timestamp":"2026-06-26T06:20:45.962543Z","level":"info","event":"Running statement: SELECT COUNT(*) FROM public.users WHERE updated_at >= DATE_TRUNC('day', CURRENT_TIMESTAMP - INTERVAL '48 hours'), parameters: None","logger":"airflow.task.hooks.airflow.providers.postgres.hooks.postgres.PostgresHook","filename":"sql.py","lineno":861}
{"timestamp":"2026-06-26T06:20:50.388911Z","level":"info","event":"Rows affected: 1","logger":"airflow.task.hooks.airflow.providers.postgres.hooks.postgres.PostgresHook","filename":"sql.py","lineno":879}
{"timestamp":"2026-06-26T06:20:50.674498Z","level":"info","event":"Rescheduling task, marking task as UP_FOR_RESCHEDULE","logger":"task","filename":"task_runner.py","lineno":1306}
{"timestamp":"2026-06-26T06:21:21.001274Z","level":"info","event":"DAG bundles loaded: dags-folder","logger":"airflow.dag_processing.bundles.manager.DagBundlesManager","filename":"manager.py","lineno":209}
{"timestamp":"2026-06-26T06:21:21.002492Z","level":"info","event":"Filling up the DagBag from /opt/airflow/dags/ingest_wallet_improved.py","logger":"airflow.dag_processing.dagbag.BundleDagBag","filename":"dagbag.py","lineno":469}
{"timestamp":"2026-06-26T06:21:21.450472Z","level":"info","event":"Poking: SELECT COUNT(*) FROM public.users WHERE updated_at >= DATE_TRUNC('day', CURRENT_TIMESTAMP - INTERVAL '48 hours') (with parameters None)","logger":"airflow.task.operators.airflow.providers.common.sql.sensors.sql.SqlSensor","filename":"sql.py","lineno":100}
{"timestamp":"2026-06-26T06:21:23.234095Z","level":"info","event":"Running statement: SELECT COUNT(*) FROM public.users WHERE updated_at >= DATE_TRUNC('day', CURRENT_TIMESTAMP - INTERVAL '48 hours'), parameters: None","logger":"airflow.task.hooks.airflow.providers.postgres.hooks.postgres.PostgresHook","filename":"sql.py","lineno":861}
{"timestamp":"2026-06-26T06:21:27.420788Z","level":"info","event":"Rows affected: 1","logger":"airflow.task.hooks.airflow.providers.postgres.hooks.postgres.PostgresHook","filename":"sql.py","lineno":879}
{"timestamp":"2026-06-26T06:21:27.637415Z","level":"info","event":"Rescheduling task, marking task as UP_FOR_RESCHEDULE","logger":"task","filename":"task_runner.py","lineno":1306}
{"timestamp":"2026-06-26T06:21:58.265816Z","level":"info","event":"DAG bundles loaded: dags-folder","logger":"airflow.dag_processing.bundles.manager.DagBundlesManager","filename":"manager.py","lineno":209}
{"timestamp":"2026-06-26T06:21:58.267689Z","level":"info","event":"Filling up the DagBag from /opt/airflow/dags/ingest_wallet_improved.py","logger":"airflow.dag_processing.dagbag.BundleDagBag","filename":"dagbag.py","lineno":469}
{"timestamp":"2026-06-26T06:21:59.105004Z","level":"info","event":"Poking: SELECT COUNT(*) FROM public.users WHERE updated_at >= DATE_TRUNC('day', CURRENT_TIMESTAMP - INTERVAL '48 hours') (with parameters None)","logger":"airflow.task.operators.airflow.providers.common.sql.sensors.sql.SqlSensor","filename":"sql.py","lineno":100}
{"timestamp":"2026-06-26T06:22:00.591814Z","level":"info","event":"Running statement: SELECT COUNT(*) FROM public.users WHERE updated_at >= DATE_TRUNC('day', CURRENT_TIMESTAMP - INTERVAL '48 hours'), parameters: None","logger":"airflow.task.hooks.airflow.providers.postgres.hooks.postgres.PostgresHook","filename":"sql.py","lineno":861}
{"timestamp":"2026-06-26T06:22:07.591340Z","level":"info","event":"Rows affected: 1","logger":"airflow.task.hooks.airflow.providers.postgres.hooks.postgres.PostgresHook","filename":"sql.py","lineno":879}
{"timestamp":"2026-06-26T06:22:07.780758Z","level":"info","event":"Rescheduling task, marking task as UP_FOR_RESCHEDULE","logger":"task","filename":"task_runner.py","lineno":1306}
{"timestamp":"2026-06-26T06:22:38.308945Z","level":"info","event":"DAG bundles loaded: dags-folder","logger":"airflow.dag_processing.bundles.manager.DagBundlesManager","filename":"manager.py","lineno":209}
{"timestamp":"2026-06-26T06:22:38.309979Z","level":"info","event":"Filling up the DagBag from /opt/airflow/dags/ingest_wallet_improved.py","logger":"airflow.dag_processing.dagbag.BundleDagBag","filename":"dagbag.py","lineno":469}
{"timestamp":"2026-06-26T06:22:38.813224Z","level":"info","event":"Poking: SELECT COUNT(*) FROM public.users WHERE updated_at >= DATE_TRUNC('day', CURRENT_TIMESTAMP - INTERVAL '48 hours') (with parameters None)","logger":"airflow.task.operators.airflow.providers.common.sql.sensors.sql.SqlSensor","filename":"sql.py","lineno":100}
{"timestamp":"2026-06-26T06:22:40.364963Z","level":"info","event":"Running statement: SELECT COUNT(*) FROM public.users WHERE updated_at >= DATE_TRUNC('day', CURRENT_TIMESTAMP - INTERVAL '48 hours'), parameters: None","logger":"airflow.task.hooks.airflow.providers.postgres.hooks.postgres.PostgresHook","filename":"sql.py","lineno":861}
{"timestamp":"2026-06-26T06:22:45.602244Z","level":"info","event":"Rows affected: 1","logger":"airflow.task.hooks.airflow.providers.postgres.hooks.postgres.PostgresHook","filename":"sql.py","lineno":879}
{"timestamp":"2026-06-26T06:22:45.895258Z","level":"info","event":"Rescheduling task, marking task as UP_FOR_RESCHEDULE","logger":"task","filename":"task_runner.py","lineno":1306}
{"timestamp":"2026-06-26T06:23:17.094487Z","level":"info","event":"DAG bundles loaded: dags-folder","logger":"airflow.dag_processing.bundles.manager.DagBundlesManager","filename":"manager.py","lineno":209}
{"timestamp":"2026-06-26T06:23:17.096117Z","level":"info","event":"Filling up the DagBag from /opt/airflow/dags/ingest_wallet_improved.py","logger":"airflow.dag_processing.dagbag.BundleDagBag","filename":"dagbag.py","lineno":469}
{"timestamp":"2026-06-26T06:23:17.724693Z","level":"info","event":"Poking: SELECT COUNT(*) FROM public.users WHERE updated_at >= DATE_TRUNC('day', CURRENT_TIMESTAMP - INTERVAL '48 hours') (with parameters None)","logger":"airflow.task.operators.airflow.providers.common.sql.sensors.sql.SqlSensor","filename":"sql.py","lineno":100}
{"timestamp":"2026-06-26T06:23:19.349434Z","level":"info","event":"Running statement: SELECT COUNT(*) FROM public.users WHERE updated_at >= DATE_TRUNC('day', CURRENT_TIMESTAMP - INTERVAL '48 hours'), parameters: None","logger":"airflow.task.hooks.airflow.providers.postgres.hooks.postgres.PostgresHook","filename":"sql.py","lineno":861}
{"timestamp":"2026-06-26T06:23:24.984275Z","level":"info","event":"Rows affected: 1","logger":"airflow.task.hooks.airflow.providers.postgres.hooks.postgres.PostgresHook","filename":"sql.py","lineno":879}
{"timestamp":"2026-06-26T06:23:25.295879Z","level":"info","event":"Rescheduling task, marking task as UP_FOR_RESCHEDULE","logger":"task","filename":"task_runner.py","lineno":1306}
{"timestamp":"2026-06-26T06:23:55.936136Z","level":"info","event":"DAG bundles loaded: dags-folder","logger":"airflow.dag_processing.bundles.manager.DagBundlesManager","filename":"manager.py","lineno":209}
{"timestamp":"2026-06-26T06:23:55.937355Z","level":"info","event":"Filling up the DagBag from /opt/airflow/dags/ingest_wallet_improved.py","logger":"airflow.dag_processing.dagbag.BundleDagBag","filename":"dagbag.py","lineno":469}
{"timestamp":"2026-06-26T06:23:56.502175Z","level":"info","event":"Poking: SELECT COUNT(*) FROM public.users WHERE updated_at >= DATE_TRUNC('day', CURRENT_TIMESTAMP - INTERVAL '48 hours') (with parameters None)","logger":"airflow.task.operators.airflow.providers.common.sql.sensors.sql.SqlSensor","filename":"sql.py","lineno":100}
{"timestamp":"2026-06-26T06:23:58.057618Z","level":"info","event":"Running statement: SELECT COUNT(*) FROM public.users WHERE updated_at >= DATE_TRUNC('day', CURRENT_TIMESTAMP - INTERVAL '48 hours'), parameters: None","logger":"airflow.task.hooks.airflow.providers.postgres.hooks.postgres.PostgresHook","filename":"sql.py","lineno":861}
{"timestamp":"2026-06-26T06:24:03.199406Z","level":"info","event":"Rows affected: 1","logger":"airflow.task.hooks.airflow.providers.postgres.hooks.postgres.PostgresHook","filename":"sql.py","lineno":879}
{"timestamp":"2026-06-26T06:24:03.480009Z","level":"info","event":"Rescheduling task, marking task as UP_FOR_RESCHEDULE","logger":"task","filename":"task_runner.py","lineno":1306}
{"timestamp":"2026-06-26T06:24:34.235938Z","level":"info","event":"DAG bundles loaded: dags-folder","logger":"airflow.dag_processing.bundles.manager.DagBundlesManager","filename":"manager.py","lineno":209}
{"timestamp":"2026-06-26T06:24:34.238173Z","level":"info","event":"Filling up the DagBag from /opt/airflow/dags/ingest_wallet_improved.py","logger":"airflow.dag_processing.dagbag.BundleDagBag","filename":"dagbag.py","lineno":469}
{"timestamp":"2026-06-26T06:24:34.765553Z","level":"info","event":"Poking: SELECT COUNT(*) FROM public.users WHERE updated_at >= DATE_TRUNC('day', CURRENT_TIMESTAMP - INTERVAL '48 hours') (with parameters None)","logger":"airflow.task.operators.airflow.providers.common.sql.sensors.sql.SqlSensor","filename":"sql.py","lineno":100}
{"timestamp":"2026-06-26T06:24:36.758301Z","level":"info","event":"Running statement: SELECT COUNT(*) FROM public.users WHERE updated_at >= DATE_TRUNC('day', CURRENT_TIMESTAMP - INTERVAL '48 hours'), parameters: None","logger":"airflow.task.hooks.airflow.providers.postgres.hooks.postgres.PostgresHook","filename":"sql.py","lineno":861}
{"timestamp":"2026-06-26T06:24:41.845069Z","level":"info","event":"Rows affected: 1","logger":"airflow.task.hooks.airflow.providers.postgres.hooks.postgres.PostgresHook","filename":"sql.py","lineno":879}
{"timestamp":"2026-06-26T06:24:42.090034Z","level":"info","event":"Rescheduling task, marking task as UP_FOR_RESCHEDULE","logger":"task","filename":"task_runner.py","lineno":1306}
{"timestamp":"2026-06-26T06:25:12.333201Z","level":"info","event":"DAG bundles loaded: dags-folder","logger":"airflow.dag_processing.bundles.manager.DagBundlesManager","filename":"manager.py","lineno":209}
{"timestamp":"2026-06-26T06:25:12.336685Z","level":"info","event":"Filling up the DagBag from /opt/airflow/dags/ingest_wallet_improved.py","logger":"airflow.dag_processing.dagbag.BundleDagBag","filename":"dagbag.py","lineno":469}
{"timestamp":"2026-06-26T06:25:12.822586Z","level":"info","event":"Poking: SELECT COUNT(*) FROM public.users WHERE updated_at >= DATE_TRUNC('day', CURRENT_TIMESTAMP - INTERVAL '48 hours') (with parameters None)","logger":"airflow.task.operators.airflow.providers.common.sql.sensors.sql.SqlSensor","filename":"sql.py","lineno":100}
{"timestamp":"2026-06-26T06:25:14.710870Z","level":"info","event":"Running statement: SELECT COUNT(*) FROM public.users WHERE updated_at >= DATE_TRUNC('day', CURRENT_TIMESTAMP - INTERVAL '48 hours'), parameters: None","logger":"airflow.task.hooks.airflow.providers.postgres.hooks.postgres.PostgresHook","filename":"sql.py","lineno":861}
{"timestamp":"2026-06-26T06:25:19.609556Z","level":"info","event":"Rows affected: 1","logger":"airflow.task.hooks.airflow.providers.postgres.hooks.postgres.PostgresHook","filename":"sql.py","lineno":879}
{"timestamp":"2026-06-26T06:25:19.872572Z","level":"info","event":"Rescheduling task, marking task as UP_FOR_RESCHEDULE","logger":"task","filename":"task_runner.py","lineno":1306}
{"timestamp":"2026-06-26T06:25:50.077196Z","level":"info","event":"DAG bundles loaded: dags-folder","logger":"airflow.dag_processing.bundles.manager.DagBundlesManager","filename":"manager.py","lineno":209}
{"timestamp":"2026-06-26T06:25:50.078259Z","level":"info","event":"Filling up the DagBag from /opt/airflow/dags/ingest_wallet_improved.py","logger":"airflow.dag_processing.dagbag.BundleDagBag","filename":"dagbag.py","lineno":469}
{"timestamp":"2026-06-26T06:25:50.590022Z","level":"info","event":"Poking: SELECT COUNT(*) FROM public.users WHERE updated_at >= DATE_TRUNC('day', CURRENT_TIMESTAMP - INTERVAL '48 hours') (with parameters None)","logger":"airflow.task.operators.airflow.providers.common.sql.sensors.sql.SqlSensor","filename":"sql.py","lineno":100}
{"timestamp":"2026-06-26T06:25:52.344646Z","level":"info","event":"Running statement: SELECT COUNT(*) FROM public.users WHERE updated_at >= DATE_TRUNC('day', CURRENT_TIMESTAMP - INTERVAL '48 hours'), parameters: None","logger":"airflow.task.hooks.airflow.providers.postgres.hooks.postgres.PostgresHook","filename":"sql.py","lineno":861}
{"timestamp":"2026-06-26T06:25:57.357021Z","level":"info","event":"Rows affected: 1","logger":"airflow.task.hooks.airflow.providers.postgres.hooks.postgres.PostgresHook","filename":"sql.py","lineno":879}
{"timestamp":"2026-06-26T06:25:57.654061Z","level":"info","event":"Rescheduling task, marking task as UP_FOR_RESCHEDULE","logger":"task","filename":"task_runner.py","lineno":1306}
{"timestamp":"2026-06-26T06:26:28.763080Z","level":"info","event":"DAG bundles loaded: dags-folder","logger":"airflow.dag_processing.bundles.manager.DagBundlesManager","filename":"manager.py","lineno":209}
{"timestamp":"2026-06-26T06:26:28.764424Z","level":"info","event":"Filling up the DagBag from /opt/airflow/dags/ingest_wallet_improved.py","logger":"airflow.dag_processing.dagbag.BundleDagBag","filename":"dagbag.py","lineno":469}
{"timestamp":"2026-06-26T06:26:29.259965Z","level":"info","event":"Poking: SELECT COUNT(*) FROM public.users WHERE updated_at >= DATE_TRUNC('day', CURRENT_TIMESTAMP - INTERVAL '48 hours') (with parameters None)","logger":"airflow.task.operators.airflow.providers.common.sql.sensors.sql.SqlSensor","filename":"sql.py","lineno":100}
{"timestamp":"2026-06-26T06:26:30.736296Z","level":"info","event":"Running statement: SELECT COUNT(*) FROM public.users WHERE updated_at >= DATE_TRUNC('day', CURRENT_TIMESTAMP - INTERVAL '48 hours'), parameters: None","logger":"airflow.task.hooks.airflow.providers.postgres.hooks.postgres.PostgresHook","filename":"sql.py","lineno":861}
{"timestamp":"2026-06-26T06:26:35.575949Z","level":"info","event":"Rows affected: 1","logger":"airflow.task.hooks.airflow.providers.postgres.hooks.postgres.PostgresHook","filename":"sql.py","lineno":879}
{"timestamp":"2026-06-26T06:26:35.852556Z","level":"info","event":"Rescheduling task, marking task as UP_FOR_RESCHEDULE","logger":"task","filename":"task_runner.py","lineno":1306}
