{"timestamp":"2026-06-24T05:31:02.922419Z","level":"info","event":"DAG bundles loaded: dags-folder","logger":"airflow.dag_processing.bundles.manager.DagBundlesManager","filename":"manager.py","lineno":209}
{"timestamp":"2026-06-24T05:31:02.923925Z","level":"info","event":"Filling up the DagBag from /opt/airflow/dags/ingest_wallet_improved.py","logger":"airflow.dag_processing.dagbag.BundleDagBag","filename":"dagbag.py","lineno":469}
{"timestamp":"2026-06-24T05:31:03.760463Z","level":"info","event":"Poking: SELECT COUNT(*) FROM public.ledger WHERE updated_at >= DATE_TRUNC('day', CURRENT_TIMESTAMP - INTERVAL '48 hours') (with parameters None)","logger":"airflow.task.operators.airflow.providers.common.sql.sensors.sql.SqlSensor","filename":"sql.py","lineno":100}
{"timestamp":"2026-06-24T05:31:05.319451Z","level":"info","event":"Running statement: SELECT COUNT(*) FROM public.ledger WHERE updated_at >= DATE_TRUNC('day', CURRENT_TIMESTAMP - INTERVAL '48 hours'), parameters: None","logger":"airflow.task.hooks.airflow.providers.postgres.hooks.postgres.PostgresHook","filename":"sql.py","lineno":861}
{"timestamp":"2026-06-24T05:31:10.517456Z","level":"info","event":"Rows affected: 1","logger":"airflow.task.hooks.airflow.providers.postgres.hooks.postgres.PostgresHook","filename":"sql.py","lineno":879}
{"timestamp":"2026-06-24T05:31:10.748149Z","level":"info","event":"Rescheduling task, marking task as UP_FOR_RESCHEDULE","logger":"task","filename":"task_runner.py","lineno":1306}
{"timestamp":"2026-06-24T05:31:41.844057Z","level":"info","event":"DAG bundles loaded: dags-folder","logger":"airflow.dag_processing.bundles.manager.DagBundlesManager","filename":"manager.py","lineno":209}
{"timestamp":"2026-06-24T05:31:41.845448Z","level":"info","event":"Filling up the DagBag from /opt/airflow/dags/ingest_wallet_improved.py","logger":"airflow.dag_processing.dagbag.BundleDagBag","filename":"dagbag.py","lineno":469}
{"timestamp":"2026-06-24T05:31:42.468803Z","level":"info","event":"Poking: SELECT COUNT(*) FROM public.ledger WHERE updated_at >= DATE_TRUNC('day', CURRENT_TIMESTAMP - INTERVAL '48 hours') (with parameters None)","logger":"airflow.task.operators.airflow.providers.common.sql.sensors.sql.SqlSensor","filename":"sql.py","lineno":100}
{"timestamp":"2026-06-24T05:31:44.028710Z","level":"info","event":"Running statement: SELECT COUNT(*) FROM public.ledger WHERE updated_at >= DATE_TRUNC('day', CURRENT_TIMESTAMP - INTERVAL '48 hours'), parameters: None","logger":"airflow.task.hooks.airflow.providers.postgres.hooks.postgres.PostgresHook","filename":"sql.py","lineno":861}
{"timestamp":"2026-06-24T05:31:48.920993Z","level":"info","event":"Rows affected: 1","logger":"airflow.task.hooks.airflow.providers.postgres.hooks.postgres.PostgresHook","filename":"sql.py","lineno":879}
{"timestamp":"2026-06-24T05:31:49.146582Z","level":"info","event":"Rescheduling task, marking task as UP_FOR_RESCHEDULE","logger":"task","filename":"task_runner.py","lineno":1306}
{"timestamp":"2026-06-24T05:32:20.358828Z","level":"info","event":"DAG bundles loaded: dags-folder","logger":"airflow.dag_processing.bundles.manager.DagBundlesManager","filename":"manager.py","lineno":209}
{"timestamp":"2026-06-24T05:32:20.359998Z","level":"info","event":"Filling up the DagBag from /opt/airflow/dags/ingest_wallet_improved.py","logger":"airflow.dag_processing.dagbag.BundleDagBag","filename":"dagbag.py","lineno":469}
{"timestamp":"2026-06-24T05:32:20.946293Z","level":"info","event":"Poking: SELECT COUNT(*) FROM public.ledger WHERE updated_at >= DATE_TRUNC('day', CURRENT_TIMESTAMP - INTERVAL '48 hours') (with parameters None)","logger":"airflow.task.operators.airflow.providers.common.sql.sensors.sql.SqlSensor","filename":"sql.py","lineno":100}
{"timestamp":"2026-06-24T05:32:22.633053Z","level":"info","event":"Running statement: SELECT COUNT(*) FROM public.ledger WHERE updated_at >= DATE_TRUNC('day', CURRENT_TIMESTAMP - INTERVAL '48 hours'), parameters: None","logger":"airflow.task.hooks.airflow.providers.postgres.hooks.postgres.PostgresHook","filename":"sql.py","lineno":861}
{"timestamp":"2026-06-24T05:32:27.536003Z","level":"info","event":"Rows affected: 1","logger":"airflow.task.hooks.airflow.providers.postgres.hooks.postgres.PostgresHook","filename":"sql.py","lineno":879}
{"timestamp":"2026-06-24T05:32:27.748799Z","level":"info","event":"Rescheduling task, marking task as UP_FOR_RESCHEDULE","logger":"task","filename":"task_runner.py","lineno":1306}
{"timestamp":"2026-06-24T05:32:58.357979Z","level":"info","event":"DAG bundles loaded: dags-folder","logger":"airflow.dag_processing.bundles.manager.DagBundlesManager","filename":"manager.py","lineno":209}
{"timestamp":"2026-06-24T05:32:58.359157Z","level":"info","event":"Filling up the DagBag from /opt/airflow/dags/ingest_wallet_improved.py","logger":"airflow.dag_processing.dagbag.BundleDagBag","filename":"dagbag.py","lineno":469}
{"timestamp":"2026-06-24T05:32:58.936968Z","level":"info","event":"Poking: SELECT COUNT(*) FROM public.ledger WHERE updated_at >= DATE_TRUNC('day', CURRENT_TIMESTAMP - INTERVAL '48 hours') (with parameters None)","logger":"airflow.task.operators.airflow.providers.common.sql.sensors.sql.SqlSensor","filename":"sql.py","lineno":100}
{"timestamp":"2026-06-24T05:33:00.613815Z","level":"info","event":"Running statement: SELECT COUNT(*) FROM public.ledger WHERE updated_at >= DATE_TRUNC('day', CURRENT_TIMESTAMP - INTERVAL '48 hours'), parameters: None","logger":"airflow.task.hooks.airflow.providers.postgres.hooks.postgres.PostgresHook","filename":"sql.py","lineno":861}
{"timestamp":"2026-06-24T05:33:05.470891Z","level":"info","event":"Rows affected: 1","logger":"airflow.task.hooks.airflow.providers.postgres.hooks.postgres.PostgresHook","filename":"sql.py","lineno":879}
{"timestamp":"2026-06-24T05:33:05.730185Z","level":"info","event":"Rescheduling task, marking task as UP_FOR_RESCHEDULE","logger":"task","filename":"task_runner.py","lineno":1306}
{"timestamp":"2026-06-24T05:33:36.210425Z","level":"info","event":"DAG bundles loaded: dags-folder","logger":"airflow.dag_processing.bundles.manager.DagBundlesManager","filename":"manager.py","lineno":209}
{"timestamp":"2026-06-24T05:33:36.211773Z","level":"info","event":"Filling up the DagBag from /opt/airflow/dags/ingest_wallet_improved.py","logger":"airflow.dag_processing.dagbag.BundleDagBag","filename":"dagbag.py","lineno":469}
{"timestamp":"2026-06-24T05:33:36.851791Z","level":"info","event":"Poking: SELECT COUNT(*) FROM public.ledger WHERE updated_at >= DATE_TRUNC('day', CURRENT_TIMESTAMP - INTERVAL '48 hours') (with parameters None)","logger":"airflow.task.operators.airflow.providers.common.sql.sensors.sql.SqlSensor","filename":"sql.py","lineno":100}
{"timestamp":"2026-06-24T05:33:38.594096Z","level":"info","event":"Running statement: SELECT COUNT(*) FROM public.ledger WHERE updated_at >= DATE_TRUNC('day', CURRENT_TIMESTAMP - INTERVAL '48 hours'), parameters: None","logger":"airflow.task.hooks.airflow.providers.postgres.hooks.postgres.PostgresHook","filename":"sql.py","lineno":861}
{"timestamp":"2026-06-24T05:33:43.718820Z","level":"info","event":"Rows affected: 1","logger":"airflow.task.hooks.airflow.providers.postgres.hooks.postgres.PostgresHook","filename":"sql.py","lineno":879}
{"timestamp":"2026-06-24T05:33:44.019664Z","level":"info","event":"Rescheduling task, marking task as UP_FOR_RESCHEDULE","logger":"task","filename":"task_runner.py","lineno":1306}
{"timestamp":"2026-06-24T05:34:14.907600Z","level":"info","event":"DAG bundles loaded: dags-folder","logger":"airflow.dag_processing.bundles.manager.DagBundlesManager","filename":"manager.py","lineno":209}
{"timestamp":"2026-06-24T05:34:14.908778Z","level":"info","event":"Filling up the DagBag from /opt/airflow/dags/ingest_wallet_improved.py","logger":"airflow.dag_processing.dagbag.BundleDagBag","filename":"dagbag.py","lineno":469}
{"timestamp":"2026-06-24T05:34:15.507287Z","level":"info","event":"Poking: SELECT COUNT(*) FROM public.ledger WHERE updated_at >= DATE_TRUNC('day', CURRENT_TIMESTAMP - INTERVAL '48 hours') (with parameters None)","logger":"airflow.task.operators.airflow.providers.common.sql.sensors.sql.SqlSensor","filename":"sql.py","lineno":100}
{"timestamp":"2026-06-24T05:34:17.091609Z","level":"info","event":"Running statement: SELECT COUNT(*) FROM public.ledger WHERE updated_at >= DATE_TRUNC('day', CURRENT_TIMESTAMP - INTERVAL '48 hours'), parameters: None","logger":"airflow.task.hooks.airflow.providers.postgres.hooks.postgres.PostgresHook","filename":"sql.py","lineno":861}
{"timestamp":"2026-06-24T05:34:22.164084Z","level":"info","event":"Rows affected: 1","logger":"airflow.task.hooks.airflow.providers.postgres.hooks.postgres.PostgresHook","filename":"sql.py","lineno":879}
{"timestamp":"2026-06-24T05:34:22.414859Z","level":"info","event":"Rescheduling task, marking task as UP_FOR_RESCHEDULE","logger":"task","filename":"task_runner.py","lineno":1306}
{"timestamp":"2026-06-24T05:34:53.041673Z","level":"info","event":"DAG bundles loaded: dags-folder","logger":"airflow.dag_processing.bundles.manager.DagBundlesManager","filename":"manager.py","lineno":209}
{"timestamp":"2026-06-24T05:34:53.043320Z","level":"info","event":"Filling up the DagBag from /opt/airflow/dags/ingest_wallet_improved.py","logger":"airflow.dag_processing.dagbag.BundleDagBag","filename":"dagbag.py","lineno":469}
{"timestamp":"2026-06-24T05:34:53.742807Z","level":"info","event":"Poking: SELECT COUNT(*) FROM public.ledger WHERE updated_at >= DATE_TRUNC('day', CURRENT_TIMESTAMP - INTERVAL '48 hours') (with parameters None)","logger":"airflow.task.operators.airflow.providers.common.sql.sensors.sql.SqlSensor","filename":"sql.py","lineno":100}
{"timestamp":"2026-06-24T05:34:55.282046Z","level":"info","event":"Running statement: SELECT COUNT(*) FROM public.ledger WHERE updated_at >= DATE_TRUNC('day', CURRENT_TIMESTAMP - INTERVAL '48 hours'), parameters: None","logger":"airflow.task.hooks.airflow.providers.postgres.hooks.postgres.PostgresHook","filename":"sql.py","lineno":861}
{"timestamp":"2026-06-24T05:35:00.303491Z","level":"error","event":"Server indicated the task shouldn't be running anymore. Terminating process","detail":{"reason":"not_running","message":"TI is no longer in the running state and task should terminate","current_state":"failed"},"logger":"task"}
{"timestamp":"2026-06-24T05:35:00.375839Z","level":"info","event":"Rows affected: 1","logger":"airflow.task.hooks.airflow.providers.postgres.hooks.postgres.PostgresHook","filename":"sql.py","lineno":879}
{"timestamp":"2026-06-24T05:35:00.606827Z","level":"info","event":"Rescheduling task, marking task as UP_FOR_RESCHEDULE","logger":"task","filename":"task_runner.py","lineno":1306}
{"timestamp":"2026-06-24T05:35:00.624759Z","level":"error","event":"Top level error","logger":"task","filename":"task_runner.py","lineno":1881,"error_detail":[{"exc_type":"AirflowRuntimeError","exc_value":"API_SERVER_ERROR: {'status_code': 409, 'message': 'Server returned error', 'detail': {'detail': {'reason': 'invalid_state', 'message': 'TI was not in the running state so it cannot be updated', 'previous_state': 'failed'}}}","exc_notes":[],"syntax_error":null,"is_cause":false,"frames":[{"filename":"/home/airflow/.local/lib/python3.13/site-packages/airflow/sdk/execution_time/task_runner.py","lineno":1874,"name":"main"},{"filename":"/home/airflow/.local/lib/python3.13/site-packages/airflow/sdk/execution_time/task_runner.py","lineno":1359,"name":"run"},{"filename":"/home/airflow/.local/lib/python3.13/site-packages/airflow/sdk/execution_time/comms.py","lineno":219,"name":"send"},{"filename":"/home/airflow/.local/lib/python3.13/site-packages/airflow/sdk/execution_time/comms.py","lineno":313,"name":"_get_response"},{"filename":"/home/airflow/.local/lib/python3.13/site-packages/airflow/sdk/execution_time/comms.py","lineno":300,"name":"_from_frame"}],"is_group":false,"exceptions":[]}]}
{"timestamp":"2026-06-24T05:35:00.640569Z","level":"warning","event":"Process exited abnormally","exit_code":1,"logger":"task"}
{"timestamp":"2026-06-24T05:35:00.641030Z","level":"error","event":"Task killed!","logger":"task"}
